Internal Server Error: /
Traceback (most recent call last):
  File "/srv/projects/oc_prod/venv/lib/python3.4/site-packages/django/core/urlresolvers.py", line 394, in urlconf_module
    return self._urlconf_module
AttributeError: 'RegexURLResolver' object has no attribute '_urlconf_module'

During handling of the above exception, another exception occurred:

Traceback (most recent call last):
  File "/srv/projects/oc_prod/venv/lib/python3.4/site-packages/django/core/handlers/base.py", line 119, in get_response
    resolver_match = resolver.resolve(request.path_info)
  File "/srv/projects/oc_prod/venv/lib/python3.4/site-packages/django/core/urlresolvers.py", line 366, in resolve
    for pattern in self.url_patterns:
  File "/srv/projects/oc_prod/venv/lib/python3.4/site-packages/django/core/urlresolvers.py", line 402, in url_patterns
    patterns = getattr(self.urlconf_module, "urlpatterns", self.urlconf_module)
  File "/srv/projects/oc_prod/venv/lib/python3.4/site-packages/django/core/urlresolvers.py", line 396, in urlconf_module
    self._urlconf_module = import_module(self.urlconf_name)
  File "/srv/projects/oc_prod/venv/lib/python3.4/importlib/__init__.py", line 109, in import_module
    return _bootstrap._gcd_import(name[level:], package, level)
  File "<frozen importlib._bootstrap>", line 2254, in _gcd_import
  File "<frozen importlib._bootstrap>", line 2237, in _find_and_load
  File "<frozen importlib._bootstrap>", line 2226, in _find_and_load_unlocked
  File "<frozen importlib._bootstrap>", line 1200, in _load_unlocked
  File "<frozen importlib._bootstrap>", line 1129, in _exec
  File "<frozen importlib._bootstrap>", line 1471, in exec_module
  File "<frozen importlib._bootstrap>", line 321, in _call_with_frames_removed
  File "/srv/projects/oc_prod/opencompetencies/urls.py", line 13, in <module>
    url(r'^', include('competencies.urls', namespace='competencies')),
  File "/srv/projects/oc_prod/venv/lib/python3.4/site-packages/django/conf/urls/__init__.py", line 33, in include
    urlconf_module = import_module(urlconf_module)
  File "/srv/projects/oc_prod/venv/lib/python3.4/importlib/__init__.py", line 109, in import_module
    return _bootstrap._gcd_import(name[level:], package, level)
  File "<frozen importlib._bootstrap>", line 2254, in _gcd_import
  File "<frozen importlib._bootstrap>", line 2237, in _find_and_load
  File "<frozen importlib._bootstrap>", line 2226, in _find_and_load_unlocked
  File "<frozen importlib._bootstrap>", line 1200, in _load_unlocked
  File "<frozen importlib._bootstrap>", line 1129, in _exec
  File "<frozen importlib._bootstrap>", line 1471, in exec_module
  File "<frozen importlib._bootstrap>", line 321, in _call_with_frames_removed
  File "/srv/projects/oc_prod/competencies/urls.py", line 3, in <module>
    from competencies import views
  File "/srv/projects/oc_prod/competencies/views.py", line 16, in <module>
    from competencies import my_admin
  File "/srv/projects/oc_prod/competencies/my_admin.py", line 11, in <module>
    from development_resources import lorem_ipsum as li
  File "/srv/projects/oc_prod/development_resources/lorem_ipsum.py", line 3, in <module>
    with open('/srv/projects/opencompetencies/development_resources/lorem_ipsum.txt') as f:
FileNotFoundError: [Errno 2] No such file or directory: '/srv/projects/opencompetencies/development_resources/lorem_ipsum.txt'
Internal Server Error: /
Traceback (most recent call last):
  File "/srv/projects/oc_prod/venv/lib/python3.4/site-packages/django/core/urlresolvers.py", line 394, in urlconf_module
    return self._urlconf_module
AttributeError: 'RegexURLResolver' object has no attribute '_urlconf_module'

During handling of the above exception, another exception occurred:

Traceback (most recent call last):
  File "/srv/projects/oc_prod/venv/lib/python3.4/site-packages/django/core/handlers/base.py", line 119, in get_response
    resolver_match = resolver.resolve(request.path_info)
  File "/srv/projects/oc_prod/venv/lib/python3.4/site-packages/django/core/urlresolvers.py", line 366, in resolve
    for pattern in self.url_patterns:
  File "/srv/projects/oc_prod/venv/lib/python3.4/site-packages/django/core/urlresolvers.py", line 402, in url_patterns
    patterns = getattr(self.urlconf_module, "urlpatterns", self.urlconf_module)
  File "/srv/projects/oc_prod/venv/lib/python3.4/site-packages/django/core/urlresolvers.py", line 396, in urlconf_module
    self._urlconf_module = import_module(self.urlconf_name)
  File "/srv/projects/oc_prod/venv/lib/python3.4/importlib/__init__.py", line 109, in import_module
    return _bootstrap._gcd_import(name[level:], package, level)
  File "<frozen importlib._bootstrap>", line 2254, in _gcd_import
  File "<frozen importlib._bootstrap>", line 2237, in _find_and_load
  File "<frozen importlib._bootstrap>", line 2226, in _find_and_load_unlocked
  File "<frozen importlib._bootstrap>", line 1200, in _load_unlocked
  File "<frozen importlib._bootstrap>", line 1129, in _exec
  File "<frozen importlib._bootstrap>", line 1471, in exec_module
  File "<frozen importlib._bootstrap>", line 321, in _call_with_frames_removed
  File "/srv/projects/oc_prod/opencompetencies/urls.py", line 13, in <module>
    url(r'^', include('competencies.urls', namespace='competencies')),
  File "/srv/projects/oc_prod/venv/lib/python3.4/site-packages/django/conf/urls/__init__.py", line 33, in include
    urlconf_module = import_module(urlconf_module)
  File "/srv/projects/oc_prod/venv/lib/python3.4/importlib/__init__.py", line 109, in import_module
    return _bootstrap._gcd_import(name[level:], package, level)
  File "<frozen importlib._bootstrap>", line 2254, in _gcd_import
  File "<frozen importlib._bootstrap>", line 2237, in _find_and_load
  File "<frozen importlib._bootstrap>", line 2226, in _find_and_load_unlocked
  File "<frozen importlib._bootstrap>", line 1200, in _load_unlocked
  File "<frozen importlib._bootstrap>", line 1129, in _exec
  File "<frozen importlib._bootstrap>", line 1471, in exec_module
  File "<frozen importlib._bootstrap>", line 321, in _call_with_frames_removed
  File "/srv/projects/oc_prod/competencies/urls.py", line 3, in <module>
    from competencies import views
  File "/srv/projects/oc_prod/competencies/views.py", line 16, in <module>
    from competencies import my_admin
  File "/srv/projects/oc_prod/competencies/my_admin.py", line 11, in <module>
    from development_resources import lorem_ipsum as li
  File "/srv/projects/oc_prod/development_resources/lorem_ipsum.py", line 3, in <module>
    with open('../development_resources/lorem_ipsum.txt') as f:
FileNotFoundError: [Errno 2] No such file or directory: '../development_resources/lorem_ipsum.txt'
Internal Server Error: /
Traceback (most recent call last):
  File "/srv/projects/oc_prod/venv/lib/python3.4/site-packages/django/core/urlresolvers.py", line 394, in urlconf_module
    return self._urlconf_module
AttributeError: 'RegexURLResolver' object has no attribute '_urlconf_module'

During handling of the above exception, another exception occurred:

Traceback (most recent call last):
  File "/srv/projects/oc_prod/venv/lib/python3.4/site-packages/django/core/handlers/base.py", line 119, in get_response
    resolver_match = resolver.resolve(request.path_info)
  File "/srv/projects/oc_prod/venv/lib/python3.4/site-packages/django/core/urlresolvers.py", line 366, in resolve
    for pattern in self.url_patterns:
  File "/srv/projects/oc_prod/venv/lib/python3.4/site-packages/django/core/urlresolvers.py", line 402, in url_patterns
    patterns = getattr(self.urlconf_module, "urlpatterns", self.urlconf_module)
  File "/srv/projects/oc_prod/venv/lib/python3.4/site-packages/django/core/urlresolvers.py", line 396, in urlconf_module
    self._urlconf_module = import_module(self.urlconf_name)
  File "/srv/projects/oc_prod/venv/lib/python3.4/importlib/__init__.py", line 109, in import_module
    return _bootstrap._gcd_import(name[level:], package, level)
  File "<frozen importlib._bootstrap>", line 2254, in _gcd_import
  File "<frozen importlib._bootstrap>", line 2237, in _find_and_load
  File "<frozen importlib._bootstrap>", line 2226, in _find_and_load_unlocked
  File "<frozen importlib._bootstrap>", line 1200, in _load_unlocked
  File "<frozen importlib._bootstrap>", line 1129, in _exec
  File "<frozen importlib._bootstrap>", line 1471, in exec_module
  File "<frozen importlib._bootstrap>", line 321, in _call_with_frames_removed
  File "/srv/projects/oc_prod/opencompetencies/urls.py", line 13, in <module>
    url(r'^', include('competencies.urls', namespace='competencies')),
  File "/srv/projects/oc_prod/venv/lib/python3.4/site-packages/django/conf/urls/__init__.py", line 33, in include
    urlconf_module = import_module(urlconf_module)
  File "/srv/projects/oc_prod/venv/lib/python3.4/importlib/__init__.py", line 109, in import_module
    return _bootstrap._gcd_import(name[level:], package, level)
  File "<frozen importlib._bootstrap>", line 2254, in _gcd_import
  File "<frozen importlib._bootstrap>", line 2237, in _find_and_load
  File "<frozen importlib._bootstrap>", line 2226, in _find_and_load_unlocked
  File "<frozen importlib._bootstrap>", line 1200, in _load_unlocked
  File "<frozen importlib._bootstrap>", line 1129, in _exec
  File "<frozen importlib._bootstrap>", line 1471, in exec_module
  File "<frozen importlib._bootstrap>", line 321, in _call_with_frames_removed
  File "/srv/projects/oc_prod/competencies/urls.py", line 3, in <module>
    from competencies import views
  File "/srv/projects/oc_prod/competencies/views.py", line 16, in <module>
    from competencies import my_admin
  File "/srv/projects/oc_prod/competencies/my_admin.py", line 11, in <module>
    from development_resources import lorem_ipsum as li
  File "/srv/projects/oc_prod/development_resources/lorem_ipsum.py", line 3
    with open(os.path.join(os.pardir, 'lorem_ipsum.txt') as f:
                                                          ^
SyntaxError: invalid syntax
Internal Server Error: /
Traceback (most recent call last):
  File "/srv/projects/oc_prod/venv/lib/python3.4/site-packages/django/core/urlresolvers.py", line 394, in urlconf_module
    return self._urlconf_module
AttributeError: 'RegexURLResolver' object has no attribute '_urlconf_module'

During handling of the above exception, another exception occurred:

Traceback (most recent call last):
  File "/srv/projects/oc_prod/venv/lib/python3.4/site-packages/django/core/handlers/base.py", line 119, in get_response
    resolver_match = resolver.resolve(request.path_info)
  File "/srv/projects/oc_prod/venv/lib/python3.4/site-packages/django/core/urlresolvers.py", line 366, in resolve
    for pattern in self.url_patterns:
  File "/srv/projects/oc_prod/venv/lib/python3.4/site-packages/django/core/urlresolvers.py", line 402, in url_patterns
    patterns = getattr(self.urlconf_module, "urlpatterns", self.urlconf_module)
  File "/srv/projects/oc_prod/venv/lib/python3.4/site-packages/django/core/urlresolvers.py", line 396, in urlconf_module
    self._urlconf_module = import_module(self.urlconf_name)
  File "/srv/projects/oc_prod/venv/lib/python3.4/importlib/__init__.py", line 109, in import_module
    return _bootstrap._gcd_import(name[level:], package, level)
  File "<frozen importlib._bootstrap>", line 2254, in _gcd_import
  File "<frozen importlib._bootstrap>", line 2237, in _find_and_load
  File "<frozen importlib._bootstrap>", line 2226, in _find_and_load_unlocked
  File "<frozen importlib._bootstrap>", line 1200, in _load_unlocked
  File "<frozen importlib._bootstrap>", line 1129, in _exec
  File "<frozen importlib._bootstrap>", line 1471, in exec_module
  File "<frozen importlib._bootstrap>", line 321, in _call_with_frames_removed
  File "/srv/projects/oc_prod/opencompetencies/urls.py", line 13, in <module>
    url(r'^', include('competencies.urls', namespace='competencies')),
  File "/srv/projects/oc_prod/venv/lib/python3.4/site-packages/django/conf/urls/__init__.py", line 33, in include
    urlconf_module = import_module(urlconf_module)
  File "/srv/projects/oc_prod/venv/lib/python3.4/importlib/__init__.py", line 109, in import_module
    return _bootstrap._gcd_import(name[level:], package, level)
  File "<frozen importlib._bootstrap>", line 2254, in _gcd_import
  File "<frozen importlib._bootstrap>", line 2237, in _find_and_load
  File "<frozen importlib._bootstrap>", line 2226, in _find_and_load_unlocked
  File "<frozen importlib._bootstrap>", line 1200, in _load_unlocked
  File "<frozen importlib._bootstrap>", line 1129, in _exec
  File "<frozen importlib._bootstrap>", line 1471, in exec_module
  File "<frozen importlib._bootstrap>", line 321, in _call_with_frames_removed
  File "/srv/projects/oc_prod/competencies/urls.py", line 3, in <module>
    from competencies import views
  File "/srv/projects/oc_prod/competencies/views.py", line 16, in <module>
    from competencies import my_admin
  File "/srv/projects/oc_prod/competencies/my_admin.py", line 11, in <module>
    from development_resources import lorem_ipsum as li
  File "/srv/projects/oc_prod/development_resources/lorem_ipsum.py", line 3, in <module>
    with open(os.path.join(os.pardir, 'lorem_ipsum.txt')) as f:
NameError: name 'os' is not defined
Internal Server Error: /
Traceback (most recent call last):
  File "/srv/projects/oc_prod/venv/lib/python3.4/site-packages/django/core/urlresolvers.py", line 394, in urlconf_module
    return self._urlconf_module
AttributeError: 'RegexURLResolver' object has no attribute '_urlconf_module'

During handling of the above exception, another exception occurred:

Traceback (most recent call last):
  File "/srv/projects/oc_prod/venv/lib/python3.4/site-packages/django/core/handlers/base.py", line 119, in get_response
    resolver_match = resolver.resolve(request.path_info)
  File "/srv/projects/oc_prod/venv/lib/python3.4/site-packages/django/core/urlresolvers.py", line 366, in resolve
    for pattern in self.url_patterns:
  File "/srv/projects/oc_prod/venv/lib/python3.4/site-packages/django/core/urlresolvers.py", line 402, in url_patterns
    patterns = getattr(self.urlconf_module, "urlpatterns", self.urlconf_module)
  File "/srv/projects/oc_prod/venv/lib/python3.4/site-packages/django/core/urlresolvers.py", line 396, in urlconf_module
    self._urlconf_module = import_module(self.urlconf_name)
  File "/srv/projects/oc_prod/venv/lib/python3.4/importlib/__init__.py", line 109, in import_module
    return _bootstrap._gcd_import(name[level:], package, level)
  File "<frozen importlib._bootstrap>", line 2254, in _gcd_import
  File "<frozen importlib._bootstrap>", line 2237, in _find_and_load
  File "<frozen importlib._bootstrap>", line 2226, in _find_and_load_unlocked
  File "<frozen importlib._bootstrap>", line 1200, in _load_unlocked
  File "<frozen importlib._bootstrap>", line 1129, in _exec
  File "<frozen importlib._bootstrap>", line 1471, in exec_module
  File "<frozen importlib._bootstrap>", line 321, in _call_with_frames_removed
  File "/srv/projects/oc_prod/opencompetencies/urls.py", line 13, in <module>
    url(r'^', include('competencies.urls', namespace='competencies')),
  File "/srv/projects/oc_prod/venv/lib/python3.4/site-packages/django/conf/urls/__init__.py", line 33, in include
    urlconf_module = import_module(urlconf_module)
  File "/srv/projects/oc_prod/venv/lib/python3.4/importlib/__init__.py", line 109, in import_module
    return _bootstrap._gcd_import(name[level:], package, level)
  File "<frozen importlib._bootstrap>", line 2254, in _gcd_import
  File "<frozen importlib._bootstrap>", line 2237, in _find_and_load
  File "<frozen importlib._bootstrap>", line 2226, in _find_and_load_unlocked
  File "<frozen importlib._bootstrap>", line 1200, in _load_unlocked
  File "<frozen importlib._bootstrap>", line 1129, in _exec
  File "<frozen importlib._bootstrap>", line 1471, in exec_module
  File "<frozen importlib._bootstrap>", line 321, in _call_with_frames_removed
  File "/srv/projects/oc_prod/competencies/urls.py", line 3, in <module>
    from competencies import views
  File "/srv/projects/oc_prod/competencies/views.py", line 16, in <module>
    from competencies import my_admin
  File "/srv/projects/oc_prod/competencies/my_admin.py", line 11, in <module>
    from development_resources import lorem_ipsum as li
  File "/srv/projects/oc_prod/development_resources/lorem_ipsum.py", line 4, in <module>
    with open(os.path.join(os.pardir, 'lorem_ipsum.txt')) as f:
FileNotFoundError: [Errno 2] No such file or directory: '../lorem_ipsum.txt'
Internal Server Error: /
Traceback (most recent call last):
  File "/srv/projects/oc_prod/venv/lib/python3.4/site-packages/django/core/urlresolvers.py", line 394, in urlconf_module
    return self._urlconf_module
AttributeError: 'RegexURLResolver' object has no attribute '_urlconf_module'

During handling of the above exception, another exception occurred:

Traceback (most recent call last):
  File "/srv/projects/oc_prod/venv/lib/python3.4/site-packages/django/core/handlers/base.py", line 119, in get_response
    resolver_match = resolver.resolve(request.path_info)
  File "/srv/projects/oc_prod/venv/lib/python3.4/site-packages/django/core/urlresolvers.py", line 366, in resolve
    for pattern in self.url_patterns:
  File "/srv/projects/oc_prod/venv/lib/python3.4/site-packages/django/core/urlresolvers.py", line 402, in url_patterns
    patterns = getattr(self.urlconf_module, "urlpatterns", self.urlconf_module)
  File "/srv/projects/oc_prod/venv/lib/python3.4/site-packages/django/core/urlresolvers.py", line 396, in urlconf_module
    self._urlconf_module = import_module(self.urlconf_name)
  File "/srv/projects/oc_prod/venv/lib/python3.4/importlib/__init__.py", line 109, in import_module
    return _bootstrap._gcd_import(name[level:], package, level)
  File "<frozen importlib._bootstrap>", line 2254, in _gcd_import
  File "<frozen importlib._bootstrap>", line 2237, in _find_and_load
  File "<frozen importlib._bootstrap>", line 2226, in _find_and_load_unlocked
  File "<frozen importlib._bootstrap>", line 1200, in _load_unlocked
  File "<frozen importlib._bootstrap>", line 1129, in _exec
  File "<frozen importlib._bootstrap>", line 1471, in exec_module
  File "<frozen importlib._bootstrap>", line 321, in _call_with_frames_removed
  File "/srv/projects/oc_prod/opencompetencies/urls.py", line 13, in <module>
    url(r'^', include('competencies.urls', namespace='competencies')),
  File "/srv/projects/oc_prod/venv/lib/python3.4/site-packages/django/conf/urls/__init__.py", line 33, in include
    urlconf_module = import_module(urlconf_module)
  File "/srv/projects/oc_prod/venv/lib/python3.4/importlib/__init__.py", line 109, in import_module
    return _bootstrap._gcd_import(name[level:], package, level)
  File "<frozen importlib._bootstrap>", line 2254, in _gcd_import
  File "<frozen importlib._bootstrap>", line 2237, in _find_and_load
  File "<frozen importlib._bootstrap>", line 2226, in _find_and_load_unlocked
  File "<frozen importlib._bootstrap>", line 1200, in _load_unlocked
  File "<frozen importlib._bootstrap>", line 1129, in _exec
  File "<frozen importlib._bootstrap>", line 1471, in exec_module
  File "<frozen importlib._bootstrap>", line 321, in _call_with_frames_removed
  File "/srv/projects/oc_prod/competencies/urls.py", line 3, in <module>
    from competencies import views
  File "/srv/projects/oc_prod/competencies/views.py", line 16, in <module>
    from competencies import my_admin
  File "/srv/projects/oc_prod/competencies/my_admin.py", line 11, in <module>
    from development_resources import lorem_ipsum as li
  File "/srv/projects/oc_prod/development_resources/lorem_ipsum.py", line 4, in <module>
    with open(os.path.join(os.pardir, 'development_resources/lorem_ipsum.txt')) as f:
FileNotFoundError: [Errno 2] No such file or directory: '../development_resources/lorem_ipsum.txt'
Internal Server Error: /
Traceback (most recent call last):
  File "/srv/projects/oc_prod/venv/lib/python3.4/site-packages/django/core/urlresolvers.py", line 394, in urlconf_module
    return self._urlconf_module
AttributeError: 'RegexURLResolver' object has no attribute '_urlconf_module'

During handling of the above exception, another exception occurred:

Traceback (most recent call last):
  File "/srv/projects/oc_prod/venv/lib/python3.4/site-packages/django/core/handlers/base.py", line 119, in get_response
    resolver_match = resolver.resolve(request.path_info)
  File "/srv/projects/oc_prod/venv/lib/python3.4/site-packages/django/core/urlresolvers.py", line 366, in resolve
    for pattern in self.url_patterns:
  File "/srv/projects/oc_prod/venv/lib/python3.4/site-packages/django/core/urlresolvers.py", line 402, in url_patterns
    patterns = getattr(self.urlconf_module, "urlpatterns", self.urlconf_module)
  File "/srv/projects/oc_prod/venv/lib/python3.4/site-packages/django/core/urlresolvers.py", line 396, in urlconf_module
    self._urlconf_module = import_module(self.urlconf_name)
  File "/srv/projects/oc_prod/venv/lib/python3.4/importlib/__init__.py", line 109, in import_module
    return _bootstrap._gcd_import(name[level:], package, level)
  File "<frozen importlib._bootstrap>", line 2254, in _gcd_import
  File "<frozen importlib._bootstrap>", line 2237, in _find_and_load
  File "<frozen importlib._bootstrap>", line 2226, in _find_and_load_unlocked
  File "<frozen importlib._bootstrap>", line 1200, in _load_unlocked
  File "<frozen importlib._bootstrap>", line 1129, in _exec
  File "<frozen importlib._bootstrap>", line 1471, in exec_module
  File "<frozen importlib._bootstrap>", line 321, in _call_with_frames_removed
  File "/srv/projects/oc_prod/opencompetencies/urls.py", line 13, in <module>
    url(r'^', include('competencies.urls', namespace='competencies')),
  File "/srv/projects/oc_prod/venv/lib/python3.4/site-packages/django/conf/urls/__init__.py", line 33, in include
    urlconf_module = import_module(urlconf_module)
  File "/srv/projects/oc_prod/venv/lib/python3.4/importlib/__init__.py", line 109, in import_module
    return _bootstrap._gcd_import(name[level:], package, level)
  File "<frozen importlib._bootstrap>", line 2254, in _gcd_import
  File "<frozen importlib._bootstrap>", line 2237, in _find_and_load
  File "<frozen importlib._bootstrap>", line 2226, in _find_and_load_unlocked
  File "<frozen importlib._bootstrap>", line 1200, in _load_unlocked
  File "<frozen importlib._bootstrap>", line 1129, in _exec
  File "<frozen importlib._bootstrap>", line 1471, in exec_module
  File "<frozen importlib._bootstrap>", line 321, in _call_with_frames_removed
  File "/srv/projects/oc_prod/competencies/urls.py", line 3, in <module>
    from competencies import views
  File "/srv/projects/oc_prod/competencies/views.py", line 16, in <module>
    from competencies import my_admin
  File "/srv/projects/oc_prod/competencies/my_admin.py", line 11, in <module>
    from development_resources import lorem_ipsum as li
  File "/srv/projects/oc_prod/development_resources/lorem_ipsum.py", line 4, in <module>
    with open(os.path.dirname(__file__) + '../development_resources/lorem_ipsum.txt') as f:
FileNotFoundError: [Errno 2] No such file or directory: '/srv/projects/oc_prod/development_resources../development_resources/lorem_ipsum.txt'
Internal Server Error: /
Traceback (most recent call last):
  File "/srv/projects/oc_prod/venv/lib/python3.4/site-packages/django/core/urlresolvers.py", line 394, in urlconf_module
    return self._urlconf_module
AttributeError: 'RegexURLResolver' object has no attribute '_urlconf_module'

During handling of the above exception, another exception occurred:

Traceback (most recent call last):
  File "/srv/projects/oc_prod/venv/lib/python3.4/site-packages/django/core/handlers/base.py", line 119, in get_response
    resolver_match = resolver.resolve(request.path_info)
  File "/srv/projects/oc_prod/venv/lib/python3.4/site-packages/django/core/urlresolvers.py", line 366, in resolve
    for pattern in self.url_patterns:
  File "/srv/projects/oc_prod/venv/lib/python3.4/site-packages/django/core/urlresolvers.py", line 402, in url_patterns
    patterns = getattr(self.urlconf_module, "urlpatterns", self.urlconf_module)
  File "/srv/projects/oc_prod/venv/lib/python3.4/site-packages/django/core/urlresolvers.py", line 396, in urlconf_module
    self._urlconf_module = import_module(self.urlconf_name)
  File "/srv/projects/oc_prod/venv/lib/python3.4/importlib/__init__.py", line 109, in import_module
    return _bootstrap._gcd_import(name[level:], package, level)
  File "<frozen importlib._bootstrap>", line 2254, in _gcd_import
  File "<frozen importlib._bootstrap>", line 2237, in _find_and_load
  File "<frozen importlib._bootstrap>", line 2226, in _find_and_load_unlocked
  File "<frozen importlib._bootstrap>", line 1200, in _load_unlocked
  File "<frozen importlib._bootstrap>", line 1129, in _exec
  File "<frozen importlib._bootstrap>", line 1471, in exec_module
  File "<frozen importlib._bootstrap>", line 321, in _call_with_frames_removed
  File "/srv/projects/oc_prod/opencompetencies/urls.py", line 13, in <module>
    url(r'^', include('competencies.urls', namespace='competencies')),
  File "/srv/projects/oc_prod/venv/lib/python3.4/site-packages/django/conf/urls/__init__.py", line 33, in include
    urlconf_module = import_module(urlconf_module)
  File "/srv/projects/oc_prod/venv/lib/python3.4/importlib/__init__.py", line 109, in import_module
    return _bootstrap._gcd_import(name[level:], package, level)
  File "<frozen importlib._bootstrap>", line 2254, in _gcd_import
  File "<frozen importlib._bootstrap>", line 2237, in _find_and_load
  File "<frozen importlib._bootstrap>", line 2226, in _find_and_load_unlocked
  File "<frozen importlib._bootstrap>", line 1200, in _load_unlocked
  File "<frozen importlib._bootstrap>", line 1129, in _exec
  File "<frozen importlib._bootstrap>", line 1471, in exec_module
  File "<frozen importlib._bootstrap>", line 321, in _call_with_frames_removed
  File "/srv/projects/oc_prod/competencies/urls.py", line 3, in <module>
    from competencies import views
  File "/srv/projects/oc_prod/competencies/views.py", line 16, in <module>
    from competencies import my_admin
  File "/srv/projects/oc_prod/competencies/my_admin.py", line 11, in <module>
    from development_resources import lorem_ipsum as li
  File "/srv/projects/oc_prod/development_resources/lorem_ipsum.py", line 4, in <module>
    with open(os.path.dirname(__file__) + '../lorem_ipsum.txt') as f:
FileNotFoundError: [Errno 2] No such file or directory: '/srv/projects/oc_prod/development_resources../lorem_ipsum.txt'
Not Found: /static/css/bootstrap.css
Not Found: /static/css/bootstrap-responsive.css
Not Found: /static/css/site_styles.css
Not Found: /static/js/jquery.js
Not Found: /static/js/bootstrap-transition.js
Not Found: /static/js/bootstrap-alert.js
Not Found: /static/js/bootstrap-modal.js
Not Found: /static/js/bootstrap-dropdown.js
Not Found: /static/js/bootstrap-scrollspy.js
Not Found: /static/js/bootstrap-tab.js
Not Found: /static/js/bootstrap-tooltip.js
Not Found: /static/js/bootstrap-popover.js
Not Found: /static/js/bootstrap-button.js
Not Found: /static/js/bootstrap-collapse.js
Not Found: /static/js/bootstrap-carousel.js
Not Found: /static/js/bootstrap-typeahead.js
Not Found: /static/ico/favicon.png
Not Found: /static/css/bootstrap.css
Not Found: /static/css/bootstrap-responsive.css
Not Found: /static/css/site_styles.css
Not Found: /static/js/jquery.js
Not Found: /static/js/bootstrap-transition.js
Not Found: /static/js/bootstrap-alert.js
Not Found: /static/js/bootstrap-popover.js
Not Found: /static/js/bootstrap-modal.js
Not Found: /static/js/bootstrap-dropdown.js
Not Found: /static/js/bootstrap-scrollspy.js
Not Found: /static/js/bootstrap-tab.js
Not Found: /static/js/bootstrap-tooltip.js
Not Found: /static/js/bootstrap-button.js
Not Found: /static/js/bootstrap-collapse.js
Not Found: /static/js/bootstrap-carousel.js
Not Found: /static/js/bootstrap-typeahead.js
Not Found: /static/css/bootstrap-responsive.css
Not Found: /static/css/site_styles.css
Not Found: /static/css/bootstrap.css
Not Found: /static/js/jquery.js
Not Found: /static/js/bootstrap-transition.js
Not Found: /static/js/bootstrap-alert.js
Not Found: /static/js/bootstrap-modal.js
Not Found: /static/js/bootstrap-dropdown.js
Not Found: /static/js/bootstrap-scrollspy.js
Not Found: /static/js/bootstrap-tab.js
Not Found: /static/js/bootstrap-tooltip.js
Not Found: /static/js/bootstrap-popover.js
Not Found: /static/js/bootstrap-button.js
Not Found: /static/js/bootstrap-collapse.js
Not Found: /static/js/bootstrap-carousel.js
Not Found: /static/js/bootstrap-typeahead.js
Not Found: /static/css/bootstrap.css
Not Found: /static/css/bootstrap-responsive.css
Not Found: /static/css/site_styles.css
Not Found: /static/js/jquery.js
Not Found: /static/js/bootstrap-transition.js
Not Found: /static/js/bootstrap-alert.js
Not Found: /static/js/bootstrap-modal.js
Not Found: /static/js/bootstrap-dropdown.js
Not Found: /static/js/bootstrap-scrollspy.js
Not Found: /static/js/bootstrap-tab.js
Not Found: /static/js/bootstrap-tooltip.js
Not Found: /static/js/bootstrap-popover.js
Not Found: /static/js/bootstrap-button.js
Not Found: /static/js/bootstrap-collapse.js
Not Found: /static/js/bootstrap-carousel.js
Not Found: /static/js/bootstrap-typeahead.js
Not Found: /static/css/bootstrap.css
Not Found: /static/css/bootstrap-responsive.css
Not Found: /static/css/site_styles.css
Not Found: /static/js/bootstrap-carousel.js
Not Found: /static/js/jquery.js
Not Found: /static/js/bootstrap-transition.js
Not Found: /static/js/bootstrap-alert.js
Not Found: /static/js/bootstrap-modal.js
Not Found: /static/js/bootstrap-dropdown.js
Not Found: /static/js/bootstrap-scrollspy.js
Not Found: /static/js/bootstrap-tab.js
Not Found: /static/js/bootstrap-tooltip.js
Not Found: /static/js/bootstrap-popover.js
Not Found: /static/js/bootstrap-button.js
Not Found: /static/js/bootstrap-collapse.js
Not Found: /static/js/bootstrap-typeahead.js
Not Found: /static/css/bootstrap.css
Not Found: /static/css/site_styles.css
Not Found: /static/css/bootstrap-responsive.css
Not Found: /static/js/jquery.js
Not Found: /static/js/bootstrap-transition.js
Not Found: /static/js/bootstrap-alert.js
Not Found: /static/js/bootstrap-modal.js
Not Found: /static/js/bootstrap-dropdown.js
Not Found: /static/js/bootstrap-scrollspy.js
Not Found: /static/js/bootstrap-tab.js
Not Found: /static/js/bootstrap-tooltip.js
Not Found: /static/js/bootstrap-popover.js
Not Found: /static/js/bootstrap-button.js
Not Found: /static/js/bootstrap-collapse.js
Not Found: /static/js/bootstrap-carousel.js
Not Found: /static/js/bootstrap-typeahead.js
Not Found: /static/css/bootstrap.css
Not Found: /static/css/bootstrap-responsive.css
Not Found: /static/css/site_styles.css
Not Found: /static/js/jquery.js
Not Found: /static/js/bootstrap-transition.js
Not Found: /static/js/bootstrap-alert.js
Not Found: /static/js/bootstrap-modal.js
Not Found: /static/js/bootstrap-dropdown.js
Not Found: /static/js/bootstrap-scrollspy.js
Not Found: /static/js/bootstrap-tab.js
Not Found: /static/js/bootstrap-tooltip.js
Not Found: /static/js/bootstrap-popover.js
Not Found: /static/js/bootstrap-button.js
Not Found: /static/js/bootstrap-collapse.js
Not Found: /static/js/bootstrap-carousel.js
Not Found: /static/js/bootstrap-typeahead.js
Internal Server Error: /sa_summary/24/
Traceback (most recent call last):
  File "/srv/projects/oc_prod/venv/lib/python3.4/site-packages/django/core/urlresolvers.py", line 394, in urlconf_module
    return self._urlconf_module
AttributeError: 'RegexURLResolver' object has no attribute '_urlconf_module'

During handling of the above exception, another exception occurred:

Traceback (most recent call last):
  File "/srv/projects/oc_prod/venv/lib/python3.4/site-packages/django/core/handlers/base.py", line 119, in get_response
    resolver_match = resolver.resolve(request.path_info)
  File "/srv/projects/oc_prod/venv/lib/python3.4/site-packages/django/core/urlresolvers.py", line 366, in resolve
    for pattern in self.url_patterns:
  File "/srv/projects/oc_prod/venv/lib/python3.4/site-packages/django/core/urlresolvers.py", line 402, in url_patterns
    patterns = getattr(self.urlconf_module, "urlpatterns", self.urlconf_module)
  File "/srv/projects/oc_prod/venv/lib/python3.4/site-packages/django/core/urlresolvers.py", line 396, in urlconf_module
    self._urlconf_module = import_module(self.urlconf_name)
  File "/srv/projects/oc_prod/venv/lib/python3.4/importlib/__init__.py", line 109, in import_module
    return _bootstrap._gcd_import(name[level:], package, level)
  File "<frozen importlib._bootstrap>", line 2254, in _gcd_import
  File "<frozen importlib._bootstrap>", line 2237, in _find_and_load
  File "<frozen importlib._bootstrap>", line 2226, in _find_and_load_unlocked
  File "<frozen importlib._bootstrap>", line 1200, in _load_unlocked
  File "<frozen importlib._bootstrap>", line 1129, in _exec
  File "<frozen importlib._bootstrap>", line 1471, in exec_module
  File "<frozen importlib._bootstrap>", line 321, in _call_with_frames_removed
  File "/srv/projects/oc_prod/opencompetencies/urls.py", line 13, in <module>
    url(r'^', include('competencies.urls', namespace='competencies')),
  File "/srv/projects/oc_prod/venv/lib/python3.4/site-packages/django/conf/urls/__init__.py", line 33, in include
    urlconf_module = import_module(urlconf_module)
  File "/srv/projects/oc_prod/venv/lib/python3.4/importlib/__init__.py", line 109, in import_module
    return _bootstrap._gcd_import(name[level:], package, level)
  File "<frozen importlib._bootstrap>", line 2254, in _gcd_import
  File "<frozen importlib._bootstrap>", line 2237, in _find_and_load
  File "<frozen importlib._bootstrap>", line 2226, in _find_and_load_unlocked
  File "<frozen importlib._bootstrap>", line 1200, in _load_unlocked
  File "<frozen importlib._bootstrap>", line 1129, in _exec
  File "<frozen importlib._bootstrap>", line 1471, in exec_module
  File "<frozen importlib._bootstrap>", line 321, in _call_with_frames_removed
  File "/srv/projects/oc_prod/competencies/urls.py", line 3, in <module>
    from competencies import views
  File "/srv/projects/oc_prod/competencies/views.py", line 83
    pass
       ^
SyntaxError: invalid syntax
Internal Server Error: /sa_summary_pdf/24/
Traceback (most recent call last):
  File "/srv/projects/oc_prod/venv/lib/python3.4/site-packages/django/core/handlers/base.py", line 151, in get_response
    % (callback.__module__, view_name))
ValueError: The view competencies.views.sa_summary_pdf didn't return an HttpResponse object. It returned None instead.
Internal Server Error: /sa_summary_pdf/24/
Traceback (most recent call last):
  File "/srv/projects/oc_prod/venv/lib/python3.4/site-packages/django/core/handlers/base.py", line 151, in get_response
    % (callback.__module__, view_name))
ValueError: The view competencies.views.sa_summary_pdf didn't return an HttpResponse object. It returned None instead.
Internal Server Error: /sa_summary_pdf/24/
Traceback (most recent call last):
  File "/srv/projects/oc_prod/venv/lib/python3.4/site-packages/django/core/handlers/base.py", line 132, in get_response
    response = wrapped_callback(request, *callback_args, **callback_kwargs)
  File "/srv/projects/oc_prod/competencies/views.py", line 83, in sa_summary_pdf
    from sa_summary_pdf import PDFTest
ImportError: No module named 'sa_summary_pdf'
Internal Server Error: /sa_summary_pdf/24/
Traceback (most recent call last):
  File "/srv/projects/oc_prod/venv/lib/python3.4/site-packages/django/core/handlers/base.py", line 132, in get_response
    response = wrapped_callback(request, *callback_args, **callback_kwargs)
  File "/srv/projects/oc_prod/competencies/views.py", line 83, in sa_summary_pdf
    from sa_summary_pdf import PDFTest
ImportError: No module named 'sa_summary_pdf'
